Mean 6
Variance 0.666667
Standard Deviation 0.816497
Probability of nucleotide 'A' 0.166667
Probability of nucleotide 'C' 0.222222
Probability of nucleotide 'T' 0.277778
Probability of nucleotide 'G' 0.333333
Probability of nucleotide bigram 'AA' 0
Probability of nucleotide bigram 'AC' 0.111111
Probability of nucleotide bigram 'AT' 0.0555556
Probability of nucleotide bigram 'AG' 0
Probability of nucleotide bigram 'CA' 0
Probability of nucleotide bigram 'CC' 0
Probability of nucleotide bigram 'CT' 0.111111
Probability of nucleotide bigram 'CG' 0.0555556
Probability of nucleotide bigram 'TA' 0
Probability of nucleotide bigram 'TC' 0.111111
Probability of nucleotide bigram 'TT' 0
Probability of nucleotide bigram 'TG' 0.166667
Probability of nucleotide bigram 'GA' 0.0555556
Probability of nucleotide bigram 'GC' 0
Probability of nucleotide bigram 'GT' 0.111111
Probability of nucleotide bigram 'GG' 0.0555556
